[Info  - 4:04:07 PM] Initialising intelephense 1.3.9
[Info  - 4:04:08 PM] Initialised in 30 ms
[Info  - 4:04:08 PM] Indexing started.
[Info  - 4:04:14 PM] Indexing ended. 295 files indexed in 5s.
[Info  - 4:04:14 PM] Writing state to /var/www/html/pos/~/.vscode-root/User/workspaceStorage/bb1de9b4beb50a3a03bf1c7c87e68c07/bmewburn.vscode-intelephense-client/73207946.
[Info  - 4:04:14 PM] Wrote state in 0.6s.
[Info  - 4:58:56 PM] Indexing started.
[Info  - 4:58:56 PM] Indexing ended. 1 files indexed in 0s.
[Info  - 4:59:21 PM] Indexing started.
[Info  - 4:59:21 PM] Indexing ended. 1 files indexed in 0s.
[Info  - 5:25:47 PM] Indexing started.
[Info  - 5:25:47 PM] Indexing ended. 1 files indexed in 0s.
[Info  - 5:25:54 PM] Indexing started.
[Info  - 5:25:54 PM] Indexing ended. 2 files indexed in 0s.
[Info  - 5:25:59 PM] Indexing started.
[Info  - 5:26:00 PM] Indexing ended. 2 files indexed in 0s.
[Info  - 5:26:04 PM] Indexing started.
[Info  - 5:26:04 PM] Indexing ended. 2 files indexed in 0s.
[Info  - 5:26:07 PM] Indexing started.
[Info  - 5:26:07 PM] Indexing ended. 2 files indexed in 0s.
[Info  - 5:26:11 PM] Indexing started.
[Info  - 5:26:11 PM] Indexing ended. 2 files indexed in 0s.
[Info  - 5:26:15 PM] Indexing started.
[Info  - 5:26:16 PM] Indexing ended. 2 files indexed in 0s.
[Warn  - 2:23:24 PM] [CompletionProvider] Could not find node at position (370, 2).
[Warn  - 2:23:28 PM] [CompletionProvider] Could not find node at position (370, 2).
