[2020-04-18 01:16:59.288] [exthost] [info] extension host started
[2020-04-18 01:16:59.518] [exthost] [info] ExtensionService#_doActivateExtension vscode.php-language-features {"startup":false,"extensionId":{"value":"vscode.php-language-features","_lower":"vscode.php-language-features"},"activationEvent":"onLanguage:php"}
[2020-04-18 01:16:59.519] [exthost] [info] ExtensionService#loadCommonJSModule file:///snap/code/30/usr/share/code/resources/app/extensions/php-language-features/dist/phpMain
[2020-04-18 01:16:59.703] [exthost] [info] ExtensionService#_doActivateExtension bmewburn.vscode-intelephense-client {"startup":false,"extensionId":{"value":"bmewburn.vscode-intelephense-client","_lower":"bmewburn.vscode-intelephense-client"},"activationEvent":"onLanguage:php"}
[2020-04-18 01:16:59.716] [exthost] [info] ExtensionService#loadCommonJSModule file:///home/daniel/.vscode/extensions/bmewburn.vscode-intelephense-client-1.3.11/lib/extension
[2020-04-18 01:17:00.185] [exthost] [info] ExtensionService#_doActivateExtension vscode.configuration-editing {"startup":false,"extensionId":{"value":"vscode.configuration-editing","_lower":"vscode.configuration-editing"},"activationEvent":"onLanguage:json"}
[2020-04-18 01:17:00.186] [exthost] [info] ExtensionService#loadCommonJSModule file:///snap/code/30/usr/share/code/resources/app/extensions/configuration-editing/dist/extension
[2020-04-18 01:17:00.267] [exthost] [info] ExtensionService#_doActivateExtension vscode.extension-editing {"startup":false,"extensionId":{"value":"vscode.extension-editing","_lower":"vscode.extension-editing"},"activationEvent":"onLanguage:json"}
[2020-04-18 01:17:00.267] [exthost] [info] ExtensionService#loadCommonJSModule file:///snap/code/30/usr/share/code/resources/app/extensions/extension-editing/dist/extension
[2020-04-18 01:17:00.519] [exthost] [info] ExtensionService#_doActivateExtension vscode.json-language-features {"startup":false,"extensionId":{"value":"vscode.json-language-features","_lower":"vscode.json-language-features"},"activationEvent":"onLanguage:json"}
[2020-04-18 01:17:00.534] [exthost] [info] ExtensionService#loadCommonJSModule file:///snap/code/30/usr/share/code/resources/app/extensions/json-language-features/client/dist/jsonMain
[2020-04-18 01:17:00.848] [exthost] [info] ExtensionService#_doActivateExtension vscode.npm {"startup":false,"extensionId":{"value":"vscode.npm","_lower":"vscode.npm"},"activationEvent":"onLanguage:json"}
[2020-04-18 01:17:00.871] [exthost] [info] ExtensionService#loadCommonJSModule file:///snap/code/30/usr/share/code/resources/app/extensions/npm/dist/main
[2020-04-18 01:17:00.953] [exthost] [info] ExtensionService#_doActivateExtension vscode.css-language-features {"startup":false,"extensionId":{"value":"vscode.css-language-features","_lower":"vscode.css-language-features"},"activationEvent":"onLanguage:css"}
[2020-04-18 01:17:00.963] [exthost] [info] ExtensionService#loadCommonJSModule file:///snap/code/30/usr/share/code/resources/app/extensions/css-language-features/client/dist/cssMain
[2020-04-18 01:17:01.075] [exthost] [info] ExtensionService#_doActivateExtension vscode.emmet {"startup":false,"extensionId":{"value":"vscode.emmet","_lower":"vscode.emmet"},"activationEvent":"onLanguage:css"}
[2020-04-18 01:17:01.082] [exthost] [info] ExtensionService#loadCommonJSModule file:///snap/code/30/usr/share/code/resources/app/extensions/emmet/dist/extension
[2020-04-18 01:17:01.310] [exthost] [info] ExtensionService#_doActivateExtension vscode.typescript-language-features {"startup":false,"extensionId":{"value":"vscode.typescript-language-features","_lower":"vscode.typescript-language-features"},"activationEvent":"onLanguage:typescript"}
[2020-04-18 01:17:01.310] [exthost] [info] ExtensionService#loadCommonJSModule file:///snap/code/30/usr/share/code/resources/app/extensions/typescript-language-features/dist/extension
[2020-04-18 01:17:01.523] [exthost] [info] ExtensionService#_doActivateExtension vscode.debug-auto-launch {"startup":true,"extensionId":{"value":"vscode.debug-auto-launch","_lower":"vscode.debug-auto-launch"},"activationEvent":"*"}
[2020-04-18 01:17:01.556] [exthost] [info] ExtensionService#loadCommonJSModule file:///snap/code/30/usr/share/code/resources/app/extensions/debug-auto-launch/dist/extension
[2020-04-18 01:17:01.572] [exthost] [info] ExtensionService#_doActivateExtension vscode.git {"startup":true,"extensionId":{"value":"vscode.git","_lower":"vscode.git"},"activationEvent":"*"}
[2020-04-18 01:17:01.572] [exthost] [info] ExtensionService#loadCommonJSModule file:///snap/code/30/usr/share/code/resources/app/extensions/git/dist/main
[2020-04-18 01:17:01.966] [exthost] [info] ExtensionService#_doActivateExtension vscode.github-authentication {"startup":true,"extensionId":{"value":"vscode.github-authentication","_lower":"vscode.github-authentication"},"activationEvent":"*"}
[2020-04-18 01:17:01.979] [exthost] [info] ExtensionService#loadCommonJSModule file:///snap/code/30/usr/share/code/resources/app/extensions/github-authentication/dist/extension.js
[2020-04-18 01:17:02.006] [exthost] [info] ExtensionService#_doActivateExtension vscode.merge-conflict {"startup":true,"extensionId":{"value":"vscode.merge-conflict","_lower":"vscode.merge-conflict"},"activationEvent":"*"}
[2020-04-18 01:17:02.013] [exthost] [info] ExtensionService#loadCommonJSModule file:///snap/code/30/usr/share/code/resources/app/extensions/merge-conflict/dist/extension
[2020-04-18 01:17:02.078] [exthost] [info] ExtensionService#_doActivateExtension vscode.search-result {"startup":true,"extensionId":{"value":"vscode.search-result","_lower":"vscode.search-result"},"activationEvent":"*"}
[2020-04-18 01:17:02.078] [exthost] [info] ExtensionService#loadCommonJSModule file:///snap/code/30/usr/share/code/resources/app/extensions/search-result/dist/extension.js
[2020-04-18 01:17:02.084] [exthost] [info] ExtensionService#_doActivateExtension vscode.vscode-account {"startup":true,"extensionId":{"value":"vscode.vscode-account","_lower":"vscode.vscode-account"},"activationEvent":"*"}
[2020-04-18 01:17:02.090] [exthost] [info] ExtensionService#loadCommonJSModule file:///snap/code/30/usr/share/code/resources/app/extensions/vscode-account/dist/extension.js
[2020-04-18 01:17:08.585] [exthost] [info] eager extensions activated
[2020-04-18 02:31:08.918] [exthost] [info] ExtensionService#_doActivateExtension Dart-Code.dart-code {"startup":false,"extensionId":{"value":"Dart-Code.dart-code","_lower":"dart-code.dart-code"},"activationEvent":"workspaceContains:**/pubspec.yaml"}
[2020-04-18 02:31:08.918] [exthost] [info] ExtensionService#loadCommonJSModule file:///home/daniel/.vscode/extensions/dart-code.dart-code-3.9.1/out/dist/extension
